2018/11/16-10:58 [restartedMain] INFO  com.lz.snappy.App- Starting App on DESKTOP-P6UC12P with PID 12152 (D:\javacode\Project\snappy-activity\target\classes started by lzz in D:\javacode\Project\snappy-activity)
2018/11/16-10:58 [restartedMain] INFO  com.lz.snappy.App- No active profile set, falling back to default profiles: default
2018/11/16-10:58 [restartedMain] INFO  org.springframework.boot.context.embedded.AnnotationConfigEmbeddedWebApplicationContext- Refreshing org.springframework.boot.context.embedded.AnnotationConfigEmbeddedWebApplicationContext@13c19953: startup date [Fri Nov 16 10:58:33 CST 2018]; root of context hierarchy
2018/11/16-10:58 [restartedMain] INFO  org.springframework.beans.factory.support.DefaultListableBeanFactory- Overriding bean definition for bean 'dataSource' with a different definition: replacing [Root bean: class [null]; scope=; abstract=false; lazyInit=false; autowireMode=3; dependencyCheck=0; autowireCandidate=true; primary=false; factoryBeanName=org.springframework.boot.autoconfigure.jdbc.DataSourceConfiguration$Dbcp; factoryMethodName=dataSource; initMethodName=null; destroyMethodName=(inferred); defined in class path resource [org/springframework/boot/autoconfigure/jdbc/DataSourceConfiguration$Dbcp.class]] with [Root bean: class [null]; scope=; abstract=false; lazyInit=false; autowireMode=3; dependencyCheck=0; autowireCandidate=true; primary=false; factoryBeanName=org.springframework.boot.autoconfigure.jdbc.DataSourceConfiguration$Tomcat; factoryMethodName=dataSource; initMethodName=null; destroyMethodName=(inferred); defined in class path resource [org/springframework/boot/autoconfigure/jdbc/DataSourceConfiguration$Tomcat.class]]
2018/11/16-10:58 [restartedMain] INFO  org.springframework.context.support.PostProcessorRegistrationDelegate$BeanPostProcessorChecker- Bean 'org.springframework.transaction.annotation.ProxyTransactionManagementConfiguration' of type [org.springframework.transaction.annotation.ProxyTransactionManagementConfiguration$$EnhancerBySpringCGLIB$$42ea9bdf] is not eligible for getting processed by all BeanPostProcessors (for example: not eligible for auto-proxying)
2018/11/16-10:58 [restartedMain] INFO  org.springframework.boot.context.embedded.tomcat.TomcatEmbeddedServletContainer- Tomcat initialized with port(s): 8080 (http)
2018/11/16-10:58 [restartedMain] INFO  org.apache.catalina.core.StandardService- Starting service [Tomcat]
2018/11/16-10:58 [restartedMain] INFO  org.apache.catalina.core.StandardEngine- Starting Servlet Engine: Apache Tomcat/8.5.27
2018/11/16-10:58 [localhost-startStop-1] INFO  org.apache.catalina.core.ContainerBase.[Tomcat].[localhost].[/]- Initializing Spring embedded WebApplicationContext
2018/11/16-10:58 [localhost-startStop-1] INFO  org.springframework.web.context.ContextLoader- Root WebApplicationContext: initialization completed in 499 ms
2018/11/16-10:58 [localhost-startStop-1] INFO  org.springframework.boot.web.servlet.ServletRegistrationBean- Mapping servlet: 'dispatcherServlet' to [/]
2018/11/16-10:58 [localhost-startStop-1] INFO  org.springframework.boot.web.servlet.FilterRegistrationBean- Mapping filter: 'characterEncodingFilter' to: [/*]
2018/11/16-10:58 [localhost-startStop-1] INFO  org.springframework.boot.web.servlet.FilterRegistrationBean- Mapping filter: 'hiddenHttpMethodFilter' to: [/*]
2018/11/16-10:58 [localhost-startStop-1] INFO  org.springframework.boot.web.servlet.FilterRegistrationBean- Mapping filter: 'httpPutFormContentFilter' to: [/*]
2018/11/16-10:58 [localhost-startStop-1] INFO  org.springframework.boot.web.servlet.FilterRegistrationBean- Mapping filter: 'requestContextFilter' to: [/*]
2018/11/16-10:58 [restartedMain] INFO  org.springframework.orm.jpa.LocalContainerEntityManagerFactoryBean- Building JPA container EntityManagerFactory for persistence unit 'default'
2018/11/16-10:58 [restartedMain] INFO  org.hibernate.jpa.internal.util.LogHelper- HHH000204: Processing PersistenceUnitInfo [
	name: default
	...]
2018/11/16-10:58 [restartedMain] INFO  org.hibernate.dialect.Dialect- HHH000400: Using dialect: org.hibernate.dialect.MySQL5Dialect
2018/11/16-10:58 [restartedMain] INFO  org.springframework.orm.jpa.LocalContainerEntityManagerFactoryBean- Initialized JPA EntityManagerFactory for persistence unit 'default'
2018/11/16-10:58 [restartedMain] INFO  org.activiti.engine.impl.ProcessEngineImpl- ProcessEngine default created
2018/11/16-10:58 [restartedMain] INFO  org.activiti.engine.impl.asyncexecutor.AbstractAsyncJobExecutor- Starting up the default async job executor [org.activiti.spring.SpringAsyncExecutor].
2018/11/16-10:58 [Thread-62] INFO  org.activiti.engine.impl.asyncexecutor.AcquireTimerJobsRunnable- starting to acquire async jobs due
2018/11/16-10:58 [Thread-63] INFO  org.activiti.engine.impl.asyncexecutor.AcquireAsyncJobsDueRunnable- starting to acquire async jobs due
2018/11/16-10:58 [restartedMain] INFO  org.springframework.web.servlet.mvc.method.annotation.RequestMappingHandlerAdapter- Looking for @ControllerAdvice: org.springframework.boot.context.embedded.AnnotationConfigEmbeddedWebApplicationContext@13c19953: startup date [Fri Nov 16 10:58:33 CST 2018]; root of context hierarchy
2018/11/16-10:58 [restartedMain] INFO  org.springframework.web.servlet.mvc.method.annotation.RequestMappingHandlerMapping- Mapped "{[/activity/queryProImg],methods=[GET]}" onto public java.lang.String com.lz.snappy.activity.controller.ActivityDemoController.queryProImd(java.lang.String)
2018/11/16-10:58 [restartedMain] INFO  org.springframework.web.servlet.mvc.method.annotation.RequestMappingHandlerMapping- Mapped "{[/activity/demo2],methods=[GET]}" onto public java.lang.String com.lz.snappy.activity.controller.ActivityDemoController.demo2()
2018/11/16-10:58 [restartedMain] INFO  org.springframework.web.servlet.mvc.method.annotation.RequestMappingHandlerMapping- Mapped "{[/activity/demo],methods=[GET]}" onto public java.lang.String com.lz.snappy.activity.controller.ActivityDemoController.demo(com.lz.snappy.activity.model.RequestMessage)
2018/11/16-10:58 [restartedMain] INFO  org.springframework.web.servlet.mvc.method.annotation.RequestMappingHandlerMapping- Mapped "{[/activity/queryProHighLighted],methods=[GET]}" onto public java.lang.String com.lz.snappy.activity.controller.ActivityDemoController.queryProHighLighted(java.lang.String)
2018/11/16-10:58 [restartedMain] INFO  org.springframework.web.servlet.mvc.method.annotation.RequestMappingHandlerMapping- Mapped "{[/error]}" onto public org.springframework.http.ResponseEntity<java.util.Map<java.lang.String, java.lang.Object>> org.springframework.boot.autoconfigure.web.BasicErrorController.error(javax.servlet.http.HttpServletRequest)
2018/11/16-10:58 [restartedMain] INFO  org.springframework.web.servlet.mvc.method.annotation.RequestMappingHandlerMapping- Mapped "{[/error],produces=[text/html]}" onto public org.springframework.web.servlet.ModelAndView org.springframework.boot.autoconfigure.web.BasicErrorController.errorHtml(javax.servlet.http.HttpServletRequest,javax.servlet.http.HttpServletResponse)
2018/11/16-10:58 [restartedMain] INFO  org.springframework.web.servlet.handler.SimpleUrlHandlerMapping- Mapped URL path [/webjars/**] onto handler of type [class org.springframework.web.servlet.resource.ResourceHttpRequestHandler]
2018/11/16-10:58 [restartedMain] INFO  org.springframework.web.servlet.handler.SimpleUrlHandlerMapping- Mapped URL path [/**] onto handler of type [class org.springframework.web.servlet.resource.ResourceHttpRequestHandler]
2018/11/16-10:58 [restartedMain] INFO  org.springframework.web.servlet.handler.SimpleUrlHandlerMapping- Mapped URL path [/**/favicon.ico] onto handler of type [class org.springframework.web.servlet.resource.ResourceHttpRequestHandler]
2018/11/16-10:58 [restartedMain] WARN  org.springframework.boot.autoconfigure.thymeleaf.AbstractTemplateResolverConfiguration- Cannot find template location: classpath:/templates/ (please add some templates or check your Thymeleaf configuration)
2018/11/16-10:58 [restartedMain] INFO  org.springframework.boot.devtools.autoconfigure.OptionalLiveReloadServer- LiveReload server is running on port 35729
2018/11/16-10:58 [restartedMain] INFO  org.springframework.jmx.export.annotation.AnnotationMBeanExporter- Registering beans for JMX exposure on startup
2018/11/16-10:58 [restartedMain] INFO  org.springframework.boot.context.embedded.tomcat.TomcatEmbeddedServletContainer- Tomcat started on port(s): 8080 (http)
2018/11/16-10:58 [restartedMain] INFO  com.lz.snappy.App- Started App in 1.34 seconds (JVM running for 1640.562)
2018/11/16-10:58 [http-nio-8080-exec-1] INFO  org.apache.catalina.core.ContainerBase.[Tomcat].[localhost].[/]- Initializing Spring FrameworkServlet 'dispatcherServlet'
2018/11/16-10:58 [http-nio-8080-exec-1] INFO  org.springframework.web.servlet.DispatcherServlet- FrameworkServlet 'dispatcherServlet': initialization started
2018/11/16-10:58 [http-nio-8080-exec-1] INFO  org.springframework.web.servlet.DispatcherServlet- FrameworkServlet 'dispatcherServlet': initialization completed in 9 ms
2018/11/16-11:00 [Thread-58] INFO  org.springframework.boot.context.embedded.AnnotationConfigEmbeddedWebApplicationContext- Closing org.springframework.boot.context.embedded.AnnotationConfigEmbeddedWebApplicationContext@13c19953: startup date [Fri Nov 16 10:58:33 CST 2018]; root of context hierarchy
2018/11/16-11:00 [Thread-58] INFO  org.springframework.jmx.export.annotation.AnnotationMBeanExporter- Unregistering JMX-exposed beans on shutdown
2018/11/16-11:00 [Thread-58] INFO  org.activiti.engine.impl.asyncexecutor.AbstractAsyncJobExecutor- Shutting down the default async job executor [org.activiti.spring.SpringAsyncExecutor].
2018/11/16-11:00 [Thread-62] INFO  org.activiti.engine.impl.asyncexecutor.AcquireTimerJobsRunnable- stopped async job due acquisition
2018/11/16-11:00 [Thread-63] INFO  org.activiti.engine.impl.asyncexecutor.AcquireAsyncJobsDueRunnable- stopped async job due acquisition
2018/11/16-11:00 [Thread-58] INFO  org.springframework.orm.jpa.LocalContainerEntityManagerFactoryBean- Closing JPA EntityManagerFactory for persistence unit 'default'
